<?xml version="1.0" encoding="UTF-8" standalone="no"?>
<databaseChangeLog
    xmlns="http://www.liquibase.org/xml/ns/dbchangelog"
    xmlns:xsi="http://www.w3.org/2001/XMLSchema-instance"
    xsi:schemaLocation="http://www.liquibase.org/xml/ns/dbchangelog http://www.liquibase.org/xml/ns/dbchangelog/dbchangelog-3.5.xsd">

  <!-- TODO generate pets -->
  <property name="booleanType" value="varchar(1)" dbms="oracle"/>
  <property name="booleanType" value="boolean" dbms="h2"/>

</databaseChangeLog>